[4.690s] DEBUG:colcon:Command line arguments: ['/usr/bin/colcon', 'build']
[4.690s] DEBUG:colcon:Parsed command line arguments: Namespace(log_base=None, log_level=None, verb_name='build', build_base='build', install_base='install', merge_install=False, symlink_install=False, test_result_base=None, continue_on_error=False, executor='parallel', parallel_workers=4, event_handlers=None, ignore_user_meta=False, metas=['./colcon.meta'], base_paths=['.'], packages_ignore=None, packages_ignore_regex=None, paths=None, packages_up_to=None, packages_up_to_regex=None, packages_above=None, packages_above_and_dependencies=None, packages_above_depth=None, packages_select_by_dep=None, packages_skip_by_dep=None, packages_skip_up_to=None, packages_select_build_failed=False, packages_skip_build_finished=False, packages_select_test_failures=False, packages_skip_test_passed=False, packages_select=None, packages_skip=None, packages_select_regex=None, packages_skip_regex=None, packages_start=None, packages_end=None, allow_overriding=[], cmake_args=None, cmake_target=None, cmake_target_skip_unavailable=False, cmake_clean_cache=False, cmake_clean_first=False, cmake_force_configure=False, ament_cmake_args=None, catkin_cmake_args=None, catkin_skip_building_tests=False, verb_parser=<colcon_defaults.argument_parser.defaults.DefaultArgumentsDecorator object at 0xffff9dfc1780>, verb_extension=<colcon_core.verb.build.BuildVerb object at 0xffff9e2906a0>, main=<bound method BuildVerb.main of <colcon_core.verb.build.BuildVerb object at 0xffff9e2906a0>>)
[4.960s] Level 1:colcon.colcon_core.package_discovery:discover_packages(colcon_meta) check parameters
[4.961s] Level 1:colcon.colcon_core.package_discovery:discover_packages(recursive) check parameters
[4.961s] Level 1:colcon.colcon_core.package_discovery:discover_packages(ignore) check parameters
[4.961s] Level 1:colcon.colcon_core.package_discovery:discover_packages(path) check parameters
[4.961s] Level 1:colcon.colcon_core.package_discovery:discover_packages(colcon_meta) discover
[4.961s] Level 1:colcon.colcon_core.package_discovery:discover_packages(recursive) discover
[4.961s] INFO:colcon.colcon_core.package_discovery:Crawling recursively for packages in '/home/mbros/moving_box/moving_box_hardware'
[4.962s] Level 1:colcon.colcon_core.package_identification:_identify(.) by extensions ['ignore', 'ignore_ament_install']
[4.962s] Level 1:colcon.colcon_core.package_identification:_identify(.) by extension 'ignore'
[4.962s] Level 1:colcon.colcon_core.package_identification:_identify(.) by extension 'ignore_ament_install'
[4.963s] Level 1:colcon.colcon_core.package_identification:_identify(.) by extensions ['colcon_pkg']
[4.963s] Level 1:colcon.colcon_core.package_identification:_identify(.) by extension 'colcon_pkg'
[4.963s] Level 1:colcon.colcon_core.package_identification:_identify(.) by extensions ['colcon_meta']
[4.963s] Level 1:colcon.colcon_core.package_identification:_identify(.) by extension 'colcon_meta'
[4.963s] Level 1:colcon.colcon_core.package_identification:_identify(.) by extensions ['ros']
[4.963s] Level 1:colcon.colcon_core.package_identification:_identify(.) by extension 'ros'
[5.053s] DEBUG:colcon.colcon_core.package_identification:Package '.' with type 'ros.ament_cmake' and name 'moving_box_hardware'
[5.053s] Level 1:colcon.colcon_core.package_discovery:discover_packages(recursive) using defaults
[5.053s] Level 1:colcon.colcon_core.package_discovery:discover_packages(ignore) discover
[5.053s] Level 1:colcon.colcon_core.package_discovery:discover_packages(ignore) using defaults
[5.054s] Level 1:colcon.colcon_core.package_discovery:discover_packages(path) discover
[5.054s] Level 1:colcon.colcon_core.package_discovery:discover_packages(path) using defaults
[5.442s] Level 1:colcon.colcon_core.package_discovery:discover_packages(prefix_path) check parameters
[5.443s] Level 1:colcon.colcon_core.package_discovery:discover_packages(prefix_path) discover
[5.567s] DEBUG:colcon.colcon_installed_package_information.package_discovery:Found 3 installed packages in /home/mbros/microros_ws/install
[5.628s] DEBUG:colcon.colcon_installed_package_information.package_discovery:Found 237 installed packages in /opt/ros/humble
[5.634s] Level 1:colcon.colcon_core.package_discovery:discover_packages(prefix_path) using defaults
[5.967s] Level 5:colcon.colcon_core.verb:set package 'moving_box_hardware' build argument 'cmake_args' from command line to 'None'
[5.967s] Level 5:colcon.colcon_core.verb:set package 'moving_box_hardware' build argument 'cmake_target' from command line to 'None'
[5.967s] Level 5:colcon.colcon_core.verb:set package 'moving_box_hardware' build argument 'cmake_target_skip_unavailable' from command line to 'False'
[5.967s] Level 5:colcon.colcon_core.verb:set package 'moving_box_hardware' build argument 'cmake_clean_cache' from command line to 'False'
[5.967s] Level 5:colcon.colcon_core.verb:set package 'moving_box_hardware' build argument 'cmake_clean_first' from command line to 'False'
[5.967s] Level 5:colcon.colcon_core.verb:set package 'moving_box_hardware' build argument 'cmake_force_configure' from command line to 'False'
[5.968s] Level 5:colcon.colcon_core.verb:set package 'moving_box_hardware' build argument 'ament_cmake_args' from command line to 'None'
[5.968s] Level 5:colcon.colcon_core.verb:set package 'moving_box_hardware' build argument 'catkin_cmake_args' from command line to 'None'
[5.968s] Level 5:colcon.colcon_core.verb:set package 'moving_box_hardware' build argument 'catkin_skip_building_tests' from command line to 'False'
[5.968s] DEBUG:colcon.colcon_core.verb:Building package 'moving_box_hardware' with the following arguments: {'ament_cmake_args': None, 'build_base': '/home/mbros/moving_box/moving_box_hardware/build/moving_box_hardware', 'catkin_cmake_args': None, 'catkin_skip_building_tests': False, 'cmake_args': None, 'cmake_clean_cache': False, 'cmake_clean_first': False, 'cmake_force_configure': False, 'cmake_target': None, 'cmake_target_skip_unavailable': False, 'install_base': '/home/mbros/moving_box/moving_box_hardware/install/moving_box_hardware', 'merge_install': False, 'path': '/home/mbros/moving_box/moving_box_hardware', 'symlink_install': False, 'test_result_base': None}
[6.021s] INFO:colcon.colcon_core.executor:Executing jobs using 'parallel' executor
[6.078s] DEBUG:colcon.colcon_parallel_executor.executor.parallel:run_until_complete
[6.079s] INFO:colcon.colcon_ros.task.ament_cmake.build:Building ROS package in '/home/mbros/moving_box/moving_box_hardware' with build type 'ament_cmake'
[6.079s] INFO:colcon.colcon_cmake.task.cmake.build:Building CMake package in '/home/mbros/moving_box/moving_box_hardware'
[6.152s] INFO:colcon.colcon_core.plugin_system:Skipping extension 'colcon_core.shell.bat': Not used on non-Windows systems
[6.153s] INFO:colcon.colcon_core.shell:Skip shell extension 'powershell' for command environment: Not usable outside of PowerShell
[6.153s] DEBUG:colcon.colcon_core.shell:Skip shell extension 'dsv' for command environment
[6.359s] DEBUG:colcon.colcon_core.event_handler.log_command:Invoking command in '/home/mbros/moving_box/moving_box_hardware/build/moving_box_hardware': CMAKE_PREFIX_PATH=${CMAKE_PREFIX_PATH}:/opt/ros/humble /usr/bin/cmake --build /home/mbros/moving_box/moving_box_hardware/build/moving_box_hardware -- -j4 -l4
[47.947s] DEBUG:colcon.colcon_core.event_handler.log_command:Invoked command in '/home/mbros/moving_box/moving_box_hardware/build/moving_box_hardware' returned '0': CMAKE_PREFIX_PATH=${CMAKE_PREFIX_PATH}:/opt/ros/humble /usr/bin/cmake --build /home/mbros/moving_box/moving_box_hardware/build/moving_box_hardware -- -j4 -l4
[48.173s] DEBUG:colcon.colcon_core.event_handler.log_command:Invoking command in '/home/mbros/moving_box/moving_box_hardware/build/moving_box_hardware': CMAKE_PREFIX_PATH=${CMAKE_PREFIX_PATH}:/opt/ros/humble /usr/bin/cmake --install /home/mbros/moving_box/moving_box_hardware/build/moving_box_hardware
[48.310s] Level 1:colcon.colcon_core.environment:create_environment_scripts_only(moving_box_hardware)
[48.312s] DEBUG:colcon.colcon_core.event_handler.log_command:Invoked command in '/home/mbros/moving_box/moving_box_hardware/build/moving_box_hardware' returned '0': CMAKE_PREFIX_PATH=${CMAKE_PREFIX_PATH}:/opt/ros/humble /usr/bin/cmake --install /home/mbros/moving_box/moving_box_hardware/build/moving_box_hardware
[48.394s] Level 1:colcon.colcon_core.environment:checking '/home/mbros/moving_box/moving_box_hardware/install/moving_box_hardware' for CMake module files
[48.398s] Level 1:colcon.colcon_core.environment:checking '/home/mbros/moving_box/moving_box_hardware/install/moving_box_hardware' for CMake config files
[48.402s] Level 1:colcon.colcon_core.shell:create_environment_hook('moving_box_hardware', 'cmake_prefix_path')
[48.457s] INFO:colcon.colcon_core.shell:Creating environment hook '/home/mbros/moving_box/moving_box_hardware/install/moving_box_hardware/share/moving_box_hardware/hook/cmake_prefix_path.ps1'
[48.461s] INFO:colcon.colcon_core.shell:Creating environment descriptor '/home/mbros/moving_box/moving_box_hardware/install/moving_box_hardware/share/moving_box_hardware/hook/cmake_prefix_path.dsv'
[48.464s] INFO:colcon.colcon_core.shell:Creating environment hook '/home/mbros/moving_box/moving_box_hardware/install/moving_box_hardware/share/moving_box_hardware/hook/cmake_prefix_path.sh'
[48.469s] Level 1:colcon.colcon_core.environment:checking '/home/mbros/moving_box/moving_box_hardware/install/moving_box_hardware/lib'
[48.469s] Level 1:colcon.colcon_core.shell:create_environment_hook('moving_box_hardware', 'ld_library_path_lib')
[48.525s] INFO:colcon.colcon_core.shell:Creating environment hook '/home/mbros/moving_box/moving_box_hardware/install/moving_box_hardware/share/moving_box_hardware/hook/ld_library_path_lib.ps1'
[48.527s] INFO:colcon.colcon_core.shell:Creating environment descriptor '/home/mbros/moving_box/moving_box_hardware/install/moving_box_hardware/share/moving_box_hardware/hook/ld_library_path_lib.dsv'
[48.529s] INFO:colcon.colcon_core.shell:Creating environment hook '/home/mbros/moving_box/moving_box_hardware/install/moving_box_hardware/share/moving_box_hardware/hook/ld_library_path_lib.sh'
[48.531s] Level 1:colcon.colcon_core.environment:checking '/home/mbros/moving_box/moving_box_hardware/install/moving_box_hardware/bin'
[48.531s] Level 1:colcon.colcon_core.environment:checking '/home/mbros/moving_box/moving_box_hardware/install/moving_box_hardware/lib/pkgconfig/moving_box_hardware.pc'
[48.532s] Level 1:colcon.colcon_core.environment:checking '/home/mbros/moving_box/moving_box_hardware/install/moving_box_hardware/lib/python3.10/site-packages'
[48.533s] Level 1:colcon.colcon_core.environment:checking '/home/mbros/moving_box/moving_box_hardware/install/moving_box_hardware/bin'
[48.587s] INFO:colcon.colcon_core.shell:Creating package script '/home/mbros/moving_box/moving_box_hardware/install/moving_box_hardware/share/moving_box_hardware/package.ps1'
[48.592s] INFO:colcon.colcon_core.shell:Creating package descriptor '/home/mbros/moving_box/moving_box_hardware/install/moving_box_hardware/share/moving_box_hardware/package.dsv'
[48.595s] INFO:colcon.colcon_core.shell:Creating package script '/home/mbros/moving_box/moving_box_hardware/install/moving_box_hardware/share/moving_box_hardware/package.sh'
[48.599s] INFO:colcon.colcon_core.shell:Creating package script '/home/mbros/moving_box/moving_box_hardware/install/moving_box_hardware/share/moving_box_hardware/package.bash'
[48.604s] INFO:colcon.colcon_core.shell:Creating package script '/home/mbros/moving_box/moving_box_hardware/install/moving_box_hardware/share/moving_box_hardware/package.zsh'
[48.612s] Level 1:colcon.colcon_core.environment:create_file_with_runtime_dependencies(/home/mbros/moving_box/moving_box_hardware/install/moving_box_hardware/share/colcon-core/packages/moving_box_hardware)
[48.860s] Level 1:colcon.colcon_core.environment:create_environment_scripts_only(moving_box_hardware)
[48.913s] Level 1:colcon.colcon_core.environment:checking '/home/mbros/moving_box/moving_box_hardware/install/moving_box_hardware' for CMake module files
[48.916s] Level 1:colcon.colcon_core.environment:checking '/home/mbros/moving_box/moving_box_hardware/install/moving_box_hardware' for CMake config files
[48.919s] Level 1:colcon.colcon_core.shell:create_environment_hook('moving_box_hardware', 'cmake_prefix_path')
[48.973s] INFO:colcon.colcon_core.shell:Creating environment hook '/home/mbros/moving_box/moving_box_hardware/install/moving_box_hardware/share/moving_box_hardware/hook/cmake_prefix_path.ps1'
[48.975s] INFO:colcon.colcon_core.shell:Creating environment descriptor '/home/mbros/moving_box/moving_box_hardware/install/moving_box_hardware/share/moving_box_hardware/hook/cmake_prefix_path.dsv'
[48.976s] INFO:colcon.colcon_core.shell:Creating environment hook '/home/mbros/moving_box/moving_box_hardware/install/moving_box_hardware/share/moving_box_hardware/hook/cmake_prefix_path.sh'
[48.979s] Level 1:colcon.colcon_core.environment:checking '/home/mbros/moving_box/moving_box_hardware/install/moving_box_hardware/lib'
[48.980s] Level 1:colcon.colcon_core.shell:create_environment_hook('moving_box_hardware', 'ld_library_path_lib')
[49.032s] INFO:colcon.colcon_core.shell:Creating environment hook '/home/mbros/moving_box/moving_box_hardware/install/moving_box_hardware/share/moving_box_hardware/hook/ld_library_path_lib.ps1'
[49.035s] INFO:colcon.colcon_core.shell:Creating environment descriptor '/home/mbros/moving_box/moving_box_hardware/install/moving_box_hardware/share/moving_box_hardware/hook/ld_library_path_lib.dsv'
[49.037s] INFO:colcon.colcon_core.shell:Creating environment hook '/home/mbros/moving_box/moving_box_hardware/install/moving_box_hardware/share/moving_box_hardware/hook/ld_library_path_lib.sh'
[49.039s] Level 1:colcon.colcon_core.environment:checking '/home/mbros/moving_box/moving_box_hardware/install/moving_box_hardware/bin'
[49.039s] Level 1:colcon.colcon_core.environment:checking '/home/mbros/moving_box/moving_box_hardware/install/moving_box_hardware/lib/pkgconfig/moving_box_hardware.pc'
[49.040s] Level 1:colcon.colcon_core.environment:checking '/home/mbros/moving_box/moving_box_hardware/install/moving_box_hardware/lib/python3.10/site-packages'
[49.041s] Level 1:colcon.colcon_core.environment:checking '/home/mbros/moving_box/moving_box_hardware/install/moving_box_hardware/bin'
[49.094s] INFO:colcon.colcon_core.shell:Creating package script '/home/mbros/moving_box/moving_box_hardware/install/moving_box_hardware/share/moving_box_hardware/package.ps1'
[49.097s] INFO:colcon.colcon_core.shell:Creating package descriptor '/home/mbros/moving_box/moving_box_hardware/install/moving_box_hardware/share/moving_box_hardware/package.dsv'
[49.099s] INFO:colcon.colcon_core.shell:Creating package script '/home/mbros/moving_box/moving_box_hardware/install/moving_box_hardware/share/moving_box_hardware/package.sh'
[49.101s] INFO:colcon.colcon_core.shell:Creating package script '/home/mbros/moving_box/moving_box_hardware/install/moving_box_hardware/share/moving_box_hardware/package.bash'
[49.103s] INFO:colcon.colcon_core.shell:Creating package script '/home/mbros/moving_box/moving_box_hardware/install/moving_box_hardware/share/moving_box_hardware/package.zsh'
[49.105s] Level 1:colcon.colcon_core.environment:create_file_with_runtime_dependencies(/home/mbros/moving_box/moving_box_hardware/install/moving_box_hardware/share/colcon-core/packages/moving_box_hardware)
[49.107s] DEBUG:colcon.colcon_parallel_executor.executor.parallel:closing loop
[49.108s] DEBUG:colcon.colcon_parallel_executor.executor.parallel:loop closed
[49.109s] DEBUG:colcon.colcon_parallel_executor.executor.parallel:run_until_complete finished with '0'
[49.109s] DEBUG:colcon.colcon_core.event_reactor:joining thread
[49.187s] INFO:colcon.colcon_core.plugin_system:Skipping extension 'colcon_notification.desktop_notification.notify_send': Could not find 'notify-send'
[49.187s] INFO:colcon.colcon_core.plugin_system:Skipping extension 'colcon_notification.desktop_notification.terminal_notifier': Not used on non-Darwin systems
[49.188s] INFO:colcon.colcon_core.plugin_system:Skipping extension 'colcon_notification.desktop_notification.win32': Not used on non-Windows systems
[49.188s] INFO:colcon.colcon_notification.desktop_notification:Sending desktop notification using 'notify2'
[49.217s] DEBUG:colcon.colcon_notification.desktop_notification.notify2:Failed to initialize notify2: org.freedesktop.DBus.Error.ServiceUnknown: The name org.freedesktop.Notifications was not provided by any .service files
[49.217s] DEBUG:colcon.colcon_core.event_reactor:joined thread
[49.277s] INFO:colcon.colcon_core.shell:Creating prefix script '/home/mbros/moving_box/moving_box_hardware/install/local_setup.ps1'
[49.282s] INFO:colcon.colcon_core.shell:Creating prefix util module '/home/mbros/moving_box/moving_box_hardware/install/_local_setup_util_ps1.py'
[49.289s] INFO:colcon.colcon_core.shell:Creating prefix chain script '/home/mbros/moving_box/moving_box_hardware/install/setup.ps1'
[49.351s] INFO:colcon.colcon_core.shell:Creating prefix script '/home/mbros/moving_box/moving_box_hardware/install/local_setup.sh'
[49.354s] INFO:colcon.colcon_core.shell:Creating prefix util module '/home/mbros/moving_box/moving_box_hardware/install/_local_setup_util_sh.py'
[49.357s] INFO:colcon.colcon_core.shell:Creating prefix chain script '/home/mbros/moving_box/moving_box_hardware/install/setup.sh'
[49.417s] INFO:colcon.colcon_core.shell:Creating prefix script '/home/mbros/moving_box/moving_box_hardware/install/local_setup.bash'
[49.421s] INFO:colcon.colcon_core.shell:Creating prefix chain script '/home/mbros/moving_box/moving_box_hardware/install/setup.bash'
[49.480s] INFO:colcon.colcon_core.shell:Creating prefix script '/home/mbros/moving_box/moving_box_hardware/install/local_setup.zsh'
[49.484s] INFO:colcon.colcon_core.shell:Creating prefix chain script '/home/mbros/moving_box/moving_box_hardware/install/setup.zsh'
