[0.324s] Invoking command in '/home/mbros/moving_box/moving_box_hardware/build/moving_box_hardware': CMAKE_PREFIX_PATH=${CMAKE_PREFIX_PATH}:/opt/ros/humble /usr/bin/cmake --build /home/mbros/moving_box/moving_box_hardware/build/moving_box_hardware -- -j4 -l4
[0.576s] [ 22%] Built target gmock_main
[0.585s] [ 55%] Built target gmock
[0.595s] [ 77%] Built target moving_box_hardware
[0.700s] [100%] Built target test_moving_box_hardware_interface
[0.742s] Invoked command in '/home/mbros/moving_box/moving_box_hardware/build/moving_box_hardware' returned '0': CMAKE_PREFIX_PATH=${CMAKE_PREFIX_PATH}:/opt/ros/humble /usr/bin/cmake --build /home/mbros/moving_box/moving_box_hardware/build/moving_box_hardware -- -j4 -l4
[0.980s] Invoking command in '/home/mbros/moving_box/moving_box_hardware/build/moving_box_hardware': CMAKE_PREFIX_PATH=${CMAKE_PREFIX_PATH}:/opt/ros/humble /usr/bin/cmake --install /home/mbros/moving_box/moving_box_hardware/build/moving_box_hardware
[1.010s] -- Install configuration: ""
[1.010s] -- Up-to-date: /home/mbros/moving_box/moving_box_hardware/install/moving_box_hardware/share/moving_box_hardware/moving_box_hardware.xml
[1.011s] -- Up-to-date: /home/mbros/moving_box/moving_box_hardware/install/moving_box_hardware/lib/libmoving_box_hardware.so
[1.013s] -- Up-to-date: /home/mbros/moving_box/moving_box_hardware/install/moving_box_hardware/include
[1.013s] -- Up-to-date: /home/mbros/moving_box/moving_box_hardware/install/moving_box_hardware/include/moving_box_hardware
[1.013s] -- Up-to-date: /home/mbros/moving_box/moving_box_hardware/install/moving_box_hardware/include/moving_box_hardware/visibility_control.h
[1.014s] -- Up-to-date: /home/mbros/moving_box/moving_box_hardware/install/moving_box_hardware/include/moving_box_hardware/moving_box_hardware_interface.hpp
[1.014s] -- Up-to-date: /home/mbros/moving_box/moving_box_hardware/install/moving_box_hardware/share/moving_box_hardware/ros2_control
[1.015s] -- Up-to-date: /home/mbros/moving_box/moving_box_hardware/install/moving_box_hardware/share/moving_box_hardware/ros2_control/moving_box.ros2_control.xacro
[1.015s] -- Up-to-date: /home/mbros/moving_box/moving_box_hardware/install/moving_box_hardware/share/moving_box_hardware/urdf
[1.015s] -- Up-to-date: /home/mbros/moving_box/moving_box_hardware/install/moving_box_hardware/share/moving_box_hardware/urdf/moving_box.urdf.xacro
[1.016s] -- Up-to-date: /home/mbros/moving_box/moving_box_hardware/install/moving_box_hardware/share/moving_box_hardware/urdf/moving_box_description.urdf
[1.016s] -- Up-to-date: /home/mbros/moving_box/moving_box_hardware/install/moving_box_hardware/share/moving_box_hardware/launch
[1.016s] -- Installing: /home/mbros/moving_box/moving_box_hardware/install/moving_box_hardware/share/moving_box_hardware/launch/moving_box.launch.py
[1.017s] -- Up-to-date: /home/mbros/moving_box/moving_box_hardware/install/moving_box_hardware/share/moving_box_hardware/config
[1.017s] -- Up-to-date: /home/mbros/moving_box/moving_box_hardware/install/moving_box_hardware/share/moving_box_hardware/config/moving_box_controllers.yaml
[1.018s] -- Up-to-date: /home/mbros/moving_box/moving_box_hardware/install/moving_box_hardware/share/moving_box_hardware/environment/library_path.sh
[1.018s] -- Up-to-date: /home/mbros/moving_box/moving_box_hardware/install/moving_box_hardware/share/moving_box_hardware/environment/library_path.dsv
[1.019s] -- Up-to-date: /home/mbros/moving_box/moving_box_hardware/install/moving_box_hardware/share/ament_index/resource_index/package_run_dependencies/moving_box_hardware
[1.019s] -- Up-to-date: /home/mbros/moving_box/moving_box_hardware/install/moving_box_hardware/share/ament_index/resource_index/parent_prefix_path/moving_box_hardware
[1.019s] -- Up-to-date: /home/mbros/moving_box/moving_box_hardware/install/moving_box_hardware/share/moving_box_hardware/environment/ament_prefix_path.sh
[1.020s] -- Up-to-date: /home/mbros/moving_box/moving_box_hardware/install/moving_box_hardware/share/moving_box_hardware/environment/ament_prefix_path.dsv
[1.021s] -- Up-to-date: /home/mbros/moving_box/moving_box_hardware/install/moving_box_hardware/share/moving_box_hardware/environment/path.sh
[1.021s] -- Up-to-date: /home/mbros/moving_box/moving_box_hardware/install/moving_box_hardware/share/moving_box_hardware/environment/path.dsv
[1.022s] -- Up-to-date: /home/mbros/moving_box/moving_box_hardware/install/moving_box_hardware/share/moving_box_hardware/local_setup.bash
[1.023s] -- Up-to-date: /home/mbros/moving_box/moving_box_hardware/install/moving_box_hardware/share/moving_box_hardware/local_setup.sh
[1.023s] -- Up-to-date: /home/mbros/moving_box/moving_box_hardware/install/moving_box_hardware/share/moving_box_hardware/local_setup.zsh
[1.023s] -- Up-to-date: /home/mbros/moving_box/moving_box_hardware/install/moving_box_hardware/share/moving_box_hardware/local_setup.dsv
[1.024s] -- Installing: /home/mbros/moving_box/moving_box_hardware/install/moving_box_hardware/share/moving_box_hardware/package.dsv
[1.025s] -- Up-to-date: /home/mbros/moving_box/moving_box_hardware/install/moving_box_hardware/share/ament_index/resource_index/packages/moving_box_hardware
[1.026s] -- Up-to-date: /home/mbros/moving_box/moving_box_hardware/install/moving_box_hardware/share/ament_index/resource_index/hardware_interface__pluginlib__plugin/moving_box_hardware
[1.026s] -- Up-to-date: /home/mbros/moving_box/moving_box_hardware/install/moving_box_hardware/share/moving_box_hardware/cmake/ament_cmake_export_include_directories-extras.cmake
[1.026s] -- Up-to-date: /home/mbros/moving_box/moving_box_hardware/install/moving_box_hardware/share/moving_box_hardware/cmake/ament_cmake_export_libraries-extras.cmake
[1.027s] -- Up-to-date: /home/mbros/moving_box/moving_box_hardware/install/moving_box_hardware/share/moving_box_hardware/cmake/ament_cmake_export_dependencies-extras.cmake
[1.027s] -- Up-to-date: /home/mbros/moving_box/moving_box_hardware/install/moving_box_hardware/share/moving_box_hardware/cmake/moving_box_hardwareConfig.cmake
[1.028s] -- Up-to-date: /home/mbros/moving_box/moving_box_hardware/install/moving_box_hardware/share/moving_box_hardware/cmake/moving_box_hardwareConfig-version.cmake
[1.028s] -- Up-to-date: /home/mbros/moving_box/moving_box_hardware/install/moving_box_hardware/share/moving_box_hardware/package.xml
[1.034s] Invoked command in '/home/mbros/moving_box/moving_box_hardware/build/moving_box_hardware' returned '0': CMAKE_PREFIX_PATH=${CMAKE_PREFIX_PATH}:/opt/ros/humble /usr/bin/cmake --install /home/mbros/moving_box/moving_box_hardware/build/moving_box_hardware
