[0.316s] Invoking command in '/home/mbros/moving_box/moving_box_hardware/build/moving_box_hardware': CMAKE_PREFIX_PATH=${CMAKE_PREFIX_PATH}:/opt/ros/humble /usr/bin/cmake --build /home/mbros/moving_box/moving_box_hardware/build/moving_box_hardware -- -j4 -l4
[0.518s] [35m[1mConsolidate compiler generated dependencies of target moving_box_hardware[0m
[0.564s] [ 22%] Built target gmock_main
[0.571s] [ 55%] Built target gmock
[0.612s] [ 77%] Built target moving_box_hardware
[0.679s] [100%] Built target test_moving_box_hardware_interface
[0.720s] Invoked command in '/home/mbros/moving_box/moving_box_hardware/build/moving_box_hardware' returned '0': CMAKE_PREFIX_PATH=${CMAKE_PREFIX_PATH}:/opt/ros/humble /usr/bin/cmake --build /home/mbros/moving_box/moving_box_hardware/build/moving_box_hardware -- -j4 -l4
[0.962s] Invoking command in '/home/mbros/moving_box/moving_box_hardware/build/moving_box_hardware': CMAKE_PREFIX_PATH=${CMAKE_PREFIX_PATH}:/opt/ros/humble /usr/bin/cmake --install /home/mbros/moving_box/moving_box_hardware/build/moving_box_hardware
[0.992s] -- Install configuration: ""
[0.992s] -- Up-to-date: /home/mbros/moving_box/moving_box_hardware/install/moving_box_hardware/share/moving_box_hardware/moving_box_hardware.xml
[0.993s] -- Up-to-date: /home/mbros/moving_box/moving_box_hardware/install/moving_box_hardware/lib/libmoving_box_hardware.so
[0.994s] -- Up-to-date: /home/mbros/moving_box/moving_box_hardware/install/moving_box_hardware/include
[0.995s] -- Up-to-date: /home/mbros/moving_box/moving_box_hardware/install/moving_box_hardware/include/moving_box_hardware
[0.995s] -- Up-to-date: /home/mbros/moving_box/moving_box_hardware/install/moving_box_hardware/include/moving_box_hardware/visibility_control.h
[0.996s] -- Up-to-date: /home/mbros/moving_box/moving_box_hardware/install/moving_box_hardware/include/moving_box_hardware/moving_box_hardware_interface.hpp
[0.996s] -- Up-to-date: /home/mbros/moving_box/moving_box_hardware/install/moving_box_hardware/share/moving_box_hardware/ros2_control
[0.996s] -- Up-to-date: /home/mbros/moving_box/moving_box_hardware/install/moving_box_hardware/share/moving_box_hardware/ros2_control/moving_box.ros2_control.xacro
[0.997s] -- Up-to-date: /home/mbros/moving_box/moving_box_hardware/install/moving_box_hardware/share/moving_box_hardware/urdf
[0.997s] -- Up-to-date: /home/mbros/moving_box/moving_box_hardware/install/moving_box_hardware/share/moving_box_hardware/urdf/moving_box.urdf.xacro
[0.998s] -- Up-to-date: /home/mbros/moving_box/moving_box_hardware/install/moving_box_hardware/share/moving_box_hardware/urdf/moving_box_description.urdf
[0.998s] -- Up-to-date: /home/mbros/moving_box/moving_box_hardware/install/moving_box_hardware/share/moving_box_hardware/launch
[0.998s] -- Up-to-date: /home/mbros/moving_box/moving_box_hardware/install/moving_box_hardware/share/moving_box_hardware/launch/moving_box.launch.py
[0.999s] -- Up-to-date: /home/mbros/moving_box/moving_box_hardware/install/moving_box_hardware/share/moving_box_hardware/config
[0.999s] -- Installing: /home/mbros/moving_box/moving_box_hardware/install/moving_box_hardware/share/moving_box_hardware/config/moving_box_controllers.yaml
[1.000s] -- Up-to-date: /home/mbros/moving_box/moving_box_hardware/install/moving_box_hardware/share/moving_box_hardware/environment/library_path.sh
[1.000s] -- Up-to-date: /home/mbros/moving_box/moving_box_hardware/install/moving_box_hardware/share/moving_box_hardware/environment/library_path.dsv
[1.001s] -- Up-to-date: /home/mbros/moving_box/moving_box_hardware/install/moving_box_hardware/share/ament_index/resource_index/package_run_dependencies/moving_box_hardware
[1.001s] -- Up-to-date: /home/mbros/moving_box/moving_box_hardware/install/moving_box_hardware/share/ament_index/resource_index/parent_prefix_path/moving_box_hardware
[1.002s] -- Up-to-date: /home/mbros/moving_box/moving_box_hardware/install/moving_box_hardware/share/moving_box_hardware/environment/ament_prefix_path.sh
[1.003s] -- Up-to-date: /home/mbros/moving_box/moving_box_hardware/install/moving_box_hardware/share/moving_box_hardware/environment/ament_prefix_path.dsv
[1.003s] -- Up-to-date: /home/mbros/moving_box/moving_box_hardware/install/moving_box_hardware/share/moving_box_hardware/environment/path.sh
[1.003s] -- Up-to-date: /home/mbros/moving_box/moving_box_hardware/install/moving_box_hardware/share/moving_box_hardware/environment/path.dsv
[1.004s] -- Up-to-date: /home/mbros/moving_box/moving_box_hardware/install/moving_box_hardware/share/moving_box_hardware/local_setup.bash
[1.004s] -- Up-to-date: /home/mbros/moving_box/moving_box_hardware/install/moving_box_hardware/share/moving_box_hardware/local_setup.sh
[1.005s] -- Up-to-date: /home/mbros/moving_box/moving_box_hardware/install/moving_box_hardware/share/moving_box_hardware/local_setup.zsh
[1.005s] -- Up-to-date: /home/mbros/moving_box/moving_box_hardware/install/moving_box_hardware/share/moving_box_hardware/local_setup.dsv
[1.005s] -- Installing: /home/mbros/moving_box/moving_box_hardware/install/moving_box_hardware/share/moving_box_hardware/package.dsv
[1.006s] -- Up-to-date: /home/mbros/moving_box/moving_box_hardware/install/moving_box_hardware/share/ament_index/resource_index/packages/moving_box_hardware
[1.007s] -- Up-to-date: /home/mbros/moving_box/moving_box_hardware/install/moving_box_hardware/share/ament_index/resource_index/hardware_interface__pluginlib__plugin/moving_box_hardware
[1.007s] -- Up-to-date: /home/mbros/moving_box/moving_box_hardware/install/moving_box_hardware/share/moving_box_hardware/cmake/ament_cmake_export_include_directories-extras.cmake
[1.008s] -- Up-to-date: /home/mbros/moving_box/moving_box_hardware/install/moving_box_hardware/share/moving_box_hardware/cmake/ament_cmake_export_libraries-extras.cmake
[1.008s] -- Up-to-date: /home/mbros/moving_box/moving_box_hardware/install/moving_box_hardware/share/moving_box_hardware/cmake/ament_cmake_export_dependencies-extras.cmake
[1.009s] -- Up-to-date: /home/mbros/moving_box/moving_box_hardware/install/moving_box_hardware/share/moving_box_hardware/cmake/moving_box_hardwareConfig.cmake
[1.009s] -- Up-to-date: /home/mbros/moving_box/moving_box_hardware/install/moving_box_hardware/share/moving_box_hardware/cmake/moving_box_hardwareConfig-version.cmake
[1.010s] -- Up-to-date: /home/mbros/moving_box/moving_box_hardware/install/moving_box_hardware/share/moving_box_hardware/package.xml
[1.016s] Invoked command in '/home/mbros/moving_box/moving_box_hardware/build/moving_box_hardware' returned '0': CMAKE_PREFIX_PATH=${CMAKE_PREFIX_PATH}:/opt/ros/humble /usr/bin/cmake --install /home/mbros/moving_box/moving_box_hardware/build/moving_box_hardware
