[0.332s] Invoking command in '/home/mbros/moving_box/moving_box_hardware/build/moving_box_hardware': CMAKE_PREFIX_PATH=${CMAKE_PREFIX_PATH}:/opt/ros/humble /usr/bin/cmake --build /home/mbros/moving_box/moving_box_hardware/build/moving_box_hardware -- -j4 -l4
[0.590s] [35m[1mConsolidate compiler generated dependencies of target moving_box_hardware[0m
[0.591s] [ 33%] Built target gmock
[0.646s] [ 55%] Built target gmock_main
[0.691s] [ 66%] [32mBuilding CXX object CMakeFiles/moving_box_hardware.dir/src/moving_box_hardware_interface.cpp.o[0m
[0.759s] [ 88%] Built target test_moving_box_hardware_interface
[35.776s] [100%] [32m[1mLinking CXX shared library libmoving_box_hardware.so[0m
[38.856s] [100%] Built target moving_box_hardware
[38.898s] Invoked command in '/home/mbros/moving_box/moving_box_hardware/build/moving_box_hardware' returned '0': CMAKE_PREFIX_PATH=${CMAKE_PREFIX_PATH}:/opt/ros/humble /usr/bin/cmake --build /home/mbros/moving_box/moving_box_hardware/build/moving_box_hardware -- -j4 -l4
[39.139s] Invoking command in '/home/mbros/moving_box/moving_box_hardware/build/moving_box_hardware': CMAKE_PREFIX_PATH=${CMAKE_PREFIX_PATH}:/opt/ros/humble /usr/bin/cmake --install /home/mbros/moving_box/moving_box_hardware/build/moving_box_hardware
[39.170s] -- Install configuration: ""
[39.171s] -- Up-to-date: /home/mbros/moving_box/moving_box_hardware/install/moving_box_hardware/share/moving_box_hardware/moving_box_hardware.xml
[39.172s] -- Installing: /home/mbros/moving_box/moving_box_hardware/install/moving_box_hardware/lib/libmoving_box_hardware.so
[39.222s] -- Set runtime path of "/home/mbros/moving_box/moving_box_hardware/install/moving_box_hardware/lib/libmoving_box_hardware.so" to ""
[39.223s] -- Up-to-date: /home/mbros/moving_box/moving_box_hardware/install/moving_box_hardware/include
[39.225s] -- Up-to-date: /home/mbros/moving_box/moving_box_hardware/install/moving_box_hardware/include/moving_box_hardware
[39.225s] -- Up-to-date: /home/mbros/moving_box/moving_box_hardware/install/moving_box_hardware/include/moving_box_hardware/visibility_control.h
[39.225s] -- Up-to-date: /home/mbros/moving_box/moving_box_hardware/install/moving_box_hardware/include/moving_box_hardware/moving_box_hardware_interface.hpp
[39.226s] -- Up-to-date: /home/mbros/moving_box/moving_box_hardware/install/moving_box_hardware/share/moving_box_hardware/ros2_control
[39.226s] -- Up-to-date: /home/mbros/moving_box/moving_box_hardware/install/moving_box_hardware/share/moving_box_hardware/ros2_control/moving_box.ros2_control.xacro
[39.227s] -- Up-to-date: /home/mbros/moving_box/moving_box_hardware/install/moving_box_hardware/share/moving_box_hardware/urdf
[39.227s] -- Up-to-date: /home/mbros/moving_box/moving_box_hardware/install/moving_box_hardware/share/moving_box_hardware/urdf/moving_box.urdf.xacro
[39.227s] -- Up-to-date: /home/mbros/moving_box/moving_box_hardware/install/moving_box_hardware/share/moving_box_hardware/urdf/moving_box_description.urdf
[39.228s] -- Up-to-date: /home/mbros/moving_box/moving_box_hardware/install/moving_box_hardware/share/moving_box_hardware/launch
[39.228s] -- Up-to-date: /home/mbros/moving_box/moving_box_hardware/install/moving_box_hardware/share/moving_box_hardware/launch/moving_box.launch.py
[39.228s] -- Up-to-date: /home/mbros/moving_box/moving_box_hardware/install/moving_box_hardware/share/moving_box_hardware/config
[39.229s] -- Up-to-date: /home/mbros/moving_box/moving_box_hardware/install/moving_box_hardware/share/moving_box_hardware/config/moving_box_controllers.yaml
[39.229s] -- Up-to-date: /home/mbros/moving_box/moving_box_hardware/install/moving_box_hardware/share/moving_box_hardware/environment/library_path.sh
[39.230s] -- Up-to-date: /home/mbros/moving_box/moving_box_hardware/install/moving_box_hardware/share/moving_box_hardware/environment/library_path.dsv
[39.230s] -- Up-to-date: /home/mbros/moving_box/moving_box_hardware/install/moving_box_hardware/share/ament_index/resource_index/package_run_dependencies/moving_box_hardware
[39.230s] -- Up-to-date: /home/mbros/moving_box/moving_box_hardware/install/moving_box_hardware/share/ament_index/resource_index/parent_prefix_path/moving_box_hardware
[39.231s] -- Up-to-date: /home/mbros/moving_box/moving_box_hardware/install/moving_box_hardware/share/moving_box_hardware/environment/ament_prefix_path.sh
[39.231s] -- Up-to-date: /home/mbros/moving_box/moving_box_hardware/install/moving_box_hardware/share/moving_box_hardware/environment/ament_prefix_path.dsv
[39.231s] -- Up-to-date: /home/mbros/moving_box/moving_box_hardware/install/moving_box_hardware/share/moving_box_hardware/environment/path.sh
[39.232s] -- Up-to-date: /home/mbros/moving_box/moving_box_hardware/install/moving_box_hardware/share/moving_box_hardware/environment/path.dsv
[39.232s] -- Up-to-date: /home/mbros/moving_box/moving_box_hardware/install/moving_box_hardware/share/moving_box_hardware/local_setup.bash
[39.232s] -- Up-to-date: /home/mbros/moving_box/moving_box_hardware/install/moving_box_hardware/share/moving_box_hardware/local_setup.sh
[39.233s] -- Up-to-date: /home/mbros/moving_box/moving_box_hardware/install/moving_box_hardware/share/moving_box_hardware/local_setup.zsh
[39.233s] -- Up-to-date: /home/mbros/moving_box/moving_box_hardware/install/moving_box_hardware/share/moving_box_hardware/local_setup.dsv
[39.233s] -- Installing: /home/mbros/moving_box/moving_box_hardware/install/moving_box_hardware/share/moving_box_hardware/package.dsv
[39.234s] -- Up-to-date: /home/mbros/moving_box/moving_box_hardware/install/moving_box_hardware/share/ament_index/resource_index/packages/moving_box_hardware
[39.234s] -- Up-to-date: /home/mbros/moving_box/moving_box_hardware/install/moving_box_hardware/share/ament_index/resource_index/hardware_interface__pluginlib__plugin/moving_box_hardware
[39.234s] -- Up-to-date: /home/mbros/moving_box/moving_box_hardware/install/moving_box_hardware/share/moving_box_hardware/cmake/ament_cmake_export_include_directories-extras.cmake
[39.235s] -- Up-to-date: /home/mbros/moving_box/moving_box_hardware/install/moving_box_hardware/share/moving_box_hardware/cmake/ament_cmake_export_libraries-extras.cmake
[39.235s] -- Up-to-date: /home/mbros/moving_box/moving_box_hardware/install/moving_box_hardware/share/moving_box_hardware/cmake/ament_cmake_export_dependencies-extras.cmake
[39.236s] -- Up-to-date: /home/mbros/moving_box/moving_box_hardware/install/moving_box_hardware/share/moving_box_hardware/cmake/moving_box_hardwareConfig.cmake
[39.236s] -- Up-to-date: /home/mbros/moving_box/moving_box_hardware/install/moving_box_hardware/share/moving_box_hardware/cmake/moving_box_hardwareConfig-version.cmake
[39.236s] -- Up-to-date: /home/mbros/moving_box/moving_box_hardware/install/moving_box_hardware/share/moving_box_hardware/package.xml
[39.242s] Invoked command in '/home/mbros/moving_box/moving_box_hardware/build/moving_box_hardware' returned '0': CMAKE_PREFIX_PATH=${CMAKE_PREFIX_PATH}:/opt/ros/humble /usr/bin/cmake --install /home/mbros/moving_box/moving_box_hardware/build/moving_box_hardware
