[3.903s] DEBUG:colcon:Command line arguments: ['/usr/bin/colcon', 'build']
[3.903s] DEBUG:colcon:Parsed command line arguments: Namespace(log_base=None, log_level=None, verb_name='build', build_base='build', install_base='install', merge_install=False, symlink_install=False, test_result_base=None, continue_on_error=False, executor='parallel', parallel_workers=4, event_handlers=None, ignore_user_meta=False, metas=['./colcon.meta'], base_paths=['.'], packages_ignore=None, packages_ignore_regex=None, paths=None, packages_up_to=None, packages_up_to_regex=None, packages_above=None, packages_above_and_dependencies=None, packages_above_depth=None, packages_select_by_dep=None, packages_skip_by_dep=None, packages_skip_up_to=None, packages_select_build_failed=False, packages_skip_build_finished=False, packages_select_test_failures=False, packages_skip_test_passed=False, packages_select=None, packages_skip=None, packages_select_regex=None, packages_skip_regex=None, packages_start=None, packages_end=None, allow_overriding=[], cmake_args=None, cmake_target=None, cmake_target_skip_unavailable=False, cmake_clean_cache=False, cmake_clean_first=False, cmake_force_configure=False, ament_cmake_args=None, catkin_cmake_args=None, catkin_skip_building_tests=False, verb_parser=<colcon_defaults.argument_parser.defaults.DefaultArgumentsDecorator object at 0xffff83ea1810>, verb_extension=<colcon_core.verb.build.BuildVerb object at 0xffff841706a0>, main=<bound method BuildVerb.main of <colcon_core.verb.build.BuildVerb object at 0xffff841706a0>>)
[4.091s] Level 1:colcon.colcon_core.package_discovery:discover_packages(colcon_meta) check parameters
[4.091s] Level 1:colcon.colcon_core.package_discovery:discover_packages(recursive) check parameters
[4.091s] Level 1:colcon.colcon_core.package_discovery:discover_packages(ignore) check parameters
[4.091s] Level 1:colcon.colcon_core.package_discovery:discover_packages(path) check parameters
[4.092s] Level 1:colcon.colcon_core.package_discovery:discover_packages(colcon_meta) discover
[4.092s] Level 1:colcon.colcon_core.package_discovery:discover_packages(recursive) discover
[4.092s] INFO:colcon.colcon_core.package_discovery:Crawling recursively for packages in '/home/mbros/moving_box/moving_box_hardware'
[4.092s] Level 1:colcon.colcon_core.package_identification:_identify(.) by extensions ['ignore', 'ignore_ament_install']
[4.093s] Level 1:colcon.colcon_core.package_identification:_identify(.) by extension 'ignore'
[4.093s] Level 1:colcon.colcon_core.package_identification:_identify(.) by extension 'ignore_ament_install'
[4.093s] Level 1:colcon.colcon_core.package_identification:_identify(.) by extensions ['colcon_pkg']
[4.094s] Level 1:colcon.colcon_core.package_identification:_identify(.) by extension 'colcon_pkg'
[4.094s] Level 1:colcon.colcon_core.package_identification:_identify(.) by extensions ['colcon_meta']
[4.094s] Level 1:colcon.colcon_core.package_identification:_identify(.) by extension 'colcon_meta'
[4.094s] Level 1:colcon.colcon_core.package_identification:_identify(.) by extensions ['ros']
[4.094s] Level 1:colcon.colcon_core.package_identification:_identify(.) by extension 'ros'
[4.151s] DEBUG:colcon.colcon_core.package_identification:Package '.' with type 'ros.ament_cmake' and name 'moving_box_hardware'
[4.151s] Level 1:colcon.colcon_core.package_discovery:discover_packages(recursive) using defaults
[4.151s] Level 1:colcon.colcon_core.package_discovery:discover_packages(ignore) discover
[4.151s] Level 1:colcon.colcon_core.package_discovery:discover_packages(ignore) using defaults
[4.151s] Level 1:colcon.colcon_core.package_discovery:discover_packages(path) discover
[4.152s] Level 1:colcon.colcon_core.package_discovery:discover_packages(path) using defaults
[4.498s] Level 1:colcon.colcon_core.package_discovery:discover_packages(prefix_path) check parameters
[4.499s] Level 1:colcon.colcon_core.package_discovery:discover_packages(prefix_path) discover
[4.616s] DEBUG:colcon.colcon_installed_package_information.package_discovery:Found 1 installed packages in /home/mbros/moving_box/moving_box_hardware/install
[4.672s] DEBUG:colcon.colcon_installed_package_information.package_discovery:Found 3 installed packages in /home/mbros/microros_ws/install
[4.734s] DEBUG:colcon.colcon_installed_package_information.package_discovery:Found 237 installed packages in /opt/ros/humble
[4.739s] Level 1:colcon.colcon_core.package_discovery:discover_packages(prefix_path) using defaults
[5.061s] Level 5:colcon.colcon_core.verb:set package 'moving_box_hardware' build argument 'cmake_args' from command line to 'None'
[5.061s] Level 5:colcon.colcon_core.verb:set package 'moving_box_hardware' build argument 'cmake_target' from command line to 'None'
[5.061s] Level 5:colcon.colcon_core.verb:set package 'moving_box_hardware' build argument 'cmake_target_skip_unavailable' from command line to 'False'
[5.061s] Level 5:colcon.colcon_core.verb:set package 'moving_box_hardware' build argument 'cmake_clean_cache' from command line to 'False'
[5.061s] Level 5:colcon.colcon_core.verb:set package 'moving_box_hardware' build argument 'cmake_clean_first' from command line to 'False'
[5.062s] Level 5:colcon.colcon_core.verb:set package 'moving_box_hardware' build argument 'cmake_force_configure' from command line to 'False'
[5.062s] Level 5:colcon.colcon_core.verb:set package 'moving_box_hardware' build argument 'ament_cmake_args' from command line to 'None'
[5.062s] Level 5:colcon.colcon_core.verb:set package 'moving_box_hardware' build argument 'catkin_cmake_args' from command line to 'None'
[5.062s] Level 5:colcon.colcon_core.verb:set package 'moving_box_hardware' build argument 'catkin_skip_building_tests' from command line to 'False'
[5.062s] DEBUG:colcon.colcon_core.verb:Building package 'moving_box_hardware' with the following arguments: {'ament_cmake_args': None, 'build_base': '/home/mbros/moving_box/moving_box_hardware/build/moving_box_hardware', 'catkin_cmake_args': None, 'catkin_skip_building_tests': False, 'cmake_args': None, 'cmake_clean_cache': False, 'cmake_clean_first': False, 'cmake_force_configure': False, 'cmake_target': None, 'cmake_target_skip_unavailable': False, 'install_base': '/home/mbros/moving_box/moving_box_hardware/install/moving_box_hardware', 'merge_install': False, 'path': '/home/mbros/moving_box/moving_box_hardware', 'symlink_install': False, 'test_result_base': None}
[5.117s] INFO:colcon.colcon_core.executor:Executing jobs using 'parallel' executor
[5.173s] DEBUG:colcon.colcon_parallel_executor.executor.parallel:run_until_complete
[5.174s] INFO:colcon.colcon_ros.task.ament_cmake.build:Building ROS package in '/home/mbros/moving_box/moving_box_hardware' with build type 'ament_cmake'
[5.175s] INFO:colcon.colcon_cmake.task.cmake.build:Building CMake package in '/home/mbros/moving_box/moving_box_hardware'
[5.239s] INFO:colcon.colcon_core.plugin_system:Skipping extension 'colcon_core.shell.bat': Not used on non-Windows systems
[5.240s] INFO:colcon.colcon_core.shell:Skip shell extension 'powershell' for command environment: Not usable outside of PowerShell
[5.240s] DEBUG:colcon.colcon_core.shell:Skip shell extension 'dsv' for command environment
[5.501s] DEBUG:colcon.colcon_core.event_handler.log_command:Invoking command in '/home/mbros/moving_box/moving_box_hardware/build/moving_box_hardware': CMAKE_PREFIX_PATH=${CMAKE_PREFIX_PATH}:/opt/ros/humble /usr/bin/cmake --build /home/mbros/moving_box/moving_box_hardware/build/moving_box_hardware -- -j4 -l4
[43.981s] DEBUG:colcon.colcon_core.event_handler.log_command:Invoked command in '/home/mbros/moving_box/moving_box_hardware/build/moving_box_hardware' returned '0': CMAKE_PREFIX_PATH=${CMAKE_PREFIX_PATH}:/opt/ros/humble /usr/bin/cmake --build /home/mbros/moving_box/moving_box_hardware/build/moving_box_hardware -- -j4 -l4
[44.222s] DEBUG:colcon.colcon_core.event_handler.log_command:Invoking command in '/home/mbros/moving_box/moving_box_hardware/build/moving_box_hardware': CMAKE_PREFIX_PATH=${CMAKE_PREFIX_PATH}:/opt/ros/humble /usr/bin/cmake --install /home/mbros/moving_box/moving_box_hardware/build/moving_box_hardware
[44.328s] Level 1:colcon.colcon_core.environment:create_environment_scripts_only(moving_box_hardware)
[44.330s] DEBUG:colcon.colcon_core.event_handler.log_command:Invoked command in '/home/mbros/moving_box/moving_box_hardware/build/moving_box_hardware' returned '0': CMAKE_PREFIX_PATH=${CMAKE_PREFIX_PATH}:/opt/ros/humble /usr/bin/cmake --install /home/mbros/moving_box/moving_box_hardware/build/moving_box_hardware
[44.396s] Level 1:colcon.colcon_core.environment:checking '/home/mbros/moving_box/moving_box_hardware/install/moving_box_hardware' for CMake module files
[44.400s] Level 1:colcon.colcon_core.environment:checking '/home/mbros/moving_box/moving_box_hardware/install/moving_box_hardware' for CMake config files
[44.403s] Level 1:colcon.colcon_core.shell:create_environment_hook('moving_box_hardware', 'cmake_prefix_path')
[44.459s] INFO:colcon.colcon_core.shell:Creating environment hook '/home/mbros/moving_box/moving_box_hardware/install/moving_box_hardware/share/moving_box_hardware/hook/cmake_prefix_path.ps1'
[44.468s] INFO:colcon.colcon_core.shell:Creating environment descriptor '/home/mbros/moving_box/moving_box_hardware/install/moving_box_hardware/share/moving_box_hardware/hook/cmake_prefix_path.dsv'
[44.470s] INFO:colcon.colcon_core.shell:Creating environment hook '/home/mbros/moving_box/moving_box_hardware/install/moving_box_hardware/share/moving_box_hardware/hook/cmake_prefix_path.sh'
[44.475s] Level 1:colcon.colcon_core.environment:checking '/home/mbros/moving_box/moving_box_hardware/install/moving_box_hardware/lib'
[44.476s] Level 1:colcon.colcon_core.shell:create_environment_hook('moving_box_hardware', 'ld_library_path_lib')
[44.535s] INFO:colcon.colcon_core.shell:Creating environment hook '/home/mbros/moving_box/moving_box_hardware/install/moving_box_hardware/share/moving_box_hardware/hook/ld_library_path_lib.ps1'
[44.537s] INFO:colcon.colcon_core.shell:Creating environment descriptor '/home/mbros/moving_box/moving_box_hardware/install/moving_box_hardware/share/moving_box_hardware/hook/ld_library_path_lib.dsv'
[44.539s] INFO:colcon.colcon_core.shell:Creating environment hook '/home/mbros/moving_box/moving_box_hardware/install/moving_box_hardware/share/moving_box_hardware/hook/ld_library_path_lib.sh'
[44.540s] Level 1:colcon.colcon_core.environment:checking '/home/mbros/moving_box/moving_box_hardware/install/moving_box_hardware/bin'
[44.541s] Level 1:colcon.colcon_core.environment:checking '/home/mbros/moving_box/moving_box_hardware/install/moving_box_hardware/lib/pkgconfig/moving_box_hardware.pc'
[44.542s] Level 1:colcon.colcon_core.environment:checking '/home/mbros/moving_box/moving_box_hardware/install/moving_box_hardware/lib/python3.10/site-packages'
[44.543s] Level 1:colcon.colcon_core.environment:checking '/home/mbros/moving_box/moving_box_hardware/install/moving_box_hardware/bin'
[44.598s] INFO:colcon.colcon_core.shell:Creating package script '/home/mbros/moving_box/moving_box_hardware/install/moving_box_hardware/share/moving_box_hardware/package.ps1'
[44.602s] INFO:colcon.colcon_core.shell:Creating package descriptor '/home/mbros/moving_box/moving_box_hardware/install/moving_box_hardware/share/moving_box_hardware/package.dsv'
[44.604s] INFO:colcon.colcon_core.shell:Creating package script '/home/mbros/moving_box/moving_box_hardware/install/moving_box_hardware/share/moving_box_hardware/package.sh'
[44.607s] INFO:colcon.colcon_core.shell:Creating package script '/home/mbros/moving_box/moving_box_hardware/install/moving_box_hardware/share/moving_box_hardware/package.bash'
[44.611s] INFO:colcon.colcon_core.shell:Creating package script '/home/mbros/moving_box/moving_box_hardware/install/moving_box_hardware/share/moving_box_hardware/package.zsh'
[44.613s] Level 1:colcon.colcon_core.environment:create_file_with_runtime_dependencies(/home/mbros/moving_box/moving_box_hardware/install/moving_box_hardware/share/colcon-core/packages/moving_box_hardware)
[44.859s] Level 1:colcon.colcon_core.environment:create_environment_scripts_only(moving_box_hardware)
[44.915s] Level 1:colcon.colcon_core.environment:checking '/home/mbros/moving_box/moving_box_hardware/install/moving_box_hardware' for CMake module files
[44.918s] Level 1:colcon.colcon_core.environment:checking '/home/mbros/moving_box/moving_box_hardware/install/moving_box_hardware' for CMake config files
[44.921s] Level 1:colcon.colcon_core.shell:create_environment_hook('moving_box_hardware', 'cmake_prefix_path')
[44.975s] INFO:colcon.colcon_core.shell:Creating environment hook '/home/mbros/moving_box/moving_box_hardware/install/moving_box_hardware/share/moving_box_hardware/hook/cmake_prefix_path.ps1'
[44.977s] INFO:colcon.colcon_core.shell:Creating environment descriptor '/home/mbros/moving_box/moving_box_hardware/install/moving_box_hardware/share/moving_box_hardware/hook/cmake_prefix_path.dsv'
[44.979s] INFO:colcon.colcon_core.shell:Creating environment hook '/home/mbros/moving_box/moving_box_hardware/install/moving_box_hardware/share/moving_box_hardware/hook/cmake_prefix_path.sh'
[44.981s] Level 1:colcon.colcon_core.environment:checking '/home/mbros/moving_box/moving_box_hardware/install/moving_box_hardware/lib'
[44.982s] Level 1:colcon.colcon_core.shell:create_environment_hook('moving_box_hardware', 'ld_library_path_lib')
[45.038s] INFO:colcon.colcon_core.shell:Creating environment hook '/home/mbros/moving_box/moving_box_hardware/install/moving_box_hardware/share/moving_box_hardware/hook/ld_library_path_lib.ps1'
[45.039s] INFO:colcon.colcon_core.shell:Creating environment descriptor '/home/mbros/moving_box/moving_box_hardware/install/moving_box_hardware/share/moving_box_hardware/hook/ld_library_path_lib.dsv'
[45.041s] INFO:colcon.colcon_core.shell:Creating environment hook '/home/mbros/moving_box/moving_box_hardware/install/moving_box_hardware/share/moving_box_hardware/hook/ld_library_path_lib.sh'
[45.043s] Level 1:colcon.colcon_core.environment:checking '/home/mbros/moving_box/moving_box_hardware/install/moving_box_hardware/bin'
[45.043s] Level 1:colcon.colcon_core.environment:checking '/home/mbros/moving_box/moving_box_hardware/install/moving_box_hardware/lib/pkgconfig/moving_box_hardware.pc'
[45.044s] Level 1:colcon.colcon_core.environment:checking '/home/mbros/moving_box/moving_box_hardware/install/moving_box_hardware/lib/python3.10/site-packages'
[45.045s] Level 1:colcon.colcon_core.environment:checking '/home/mbros/moving_box/moving_box_hardware/install/moving_box_hardware/bin'
[45.100s] INFO:colcon.colcon_core.shell:Creating package script '/home/mbros/moving_box/moving_box_hardware/install/moving_box_hardware/share/moving_box_hardware/package.ps1'
[45.103s] INFO:colcon.colcon_core.shell:Creating package descriptor '/home/mbros/moving_box/moving_box_hardware/install/moving_box_hardware/share/moving_box_hardware/package.dsv'
[45.105s] INFO:colcon.colcon_core.shell:Creating package script '/home/mbros/moving_box/moving_box_hardware/install/moving_box_hardware/share/moving_box_hardware/package.sh'
[45.108s] INFO:colcon.colcon_core.shell:Creating package script '/home/mbros/moving_box/moving_box_hardware/install/moving_box_hardware/share/moving_box_hardware/package.bash'
[45.110s] INFO:colcon.colcon_core.shell:Creating package script '/home/mbros/moving_box/moving_box_hardware/install/moving_box_hardware/share/moving_box_hardware/package.zsh'
[45.112s] Level 1:colcon.colcon_core.environment:create_file_with_runtime_dependencies(/home/mbros/moving_box/moving_box_hardware/install/moving_box_hardware/share/colcon-core/packages/moving_box_hardware)
[45.113s] DEBUG:colcon.colcon_parallel_executor.executor.parallel:closing loop
[45.114s] DEBUG:colcon.colcon_parallel_executor.executor.parallel:loop closed
[45.114s] DEBUG:colcon.colcon_parallel_executor.executor.parallel:run_until_complete finished with '0'
[45.115s] DEBUG:colcon.colcon_core.event_reactor:joining thread
[45.196s] INFO:colcon.colcon_core.plugin_system:Skipping extension 'colcon_notification.desktop_notification.notify_send': Could not find 'notify-send'
[45.197s] INFO:colcon.colcon_core.plugin_system:Skipping extension 'colcon_notification.desktop_notification.terminal_notifier': Not used on non-Darwin systems
[45.197s] INFO:colcon.colcon_core.plugin_system:Skipping extension 'colcon_notification.desktop_notification.win32': Not used on non-Windows systems
[45.198s] INFO:colcon.colcon_notification.desktop_notification:Sending desktop notification using 'notify2'
[45.200s] DEBUG:colcon.colcon_notification.desktop_notification.notify2:Failed to initialize notify2: org.freedesktop.DBus.Error.ServiceUnknown: The name org.freedesktop.Notifications was not provided by any .service files
[45.201s] DEBUG:colcon.colcon_core.event_reactor:joined thread
[45.260s] INFO:colcon.colcon_core.shell:Creating prefix script '/home/mbros/moving_box/moving_box_hardware/install/local_setup.ps1'
[45.264s] INFO:colcon.colcon_core.shell:Creating prefix util module '/home/mbros/moving_box/moving_box_hardware/install/_local_setup_util_ps1.py'
[45.269s] INFO:colcon.colcon_core.shell:Creating prefix chain script '/home/mbros/moving_box/moving_box_hardware/install/setup.ps1'
[45.329s] INFO:colcon.colcon_core.shell:Creating prefix script '/home/mbros/moving_box/moving_box_hardware/install/local_setup.sh'
[45.331s] INFO:colcon.colcon_core.shell:Creating prefix util module '/home/mbros/moving_box/moving_box_hardware/install/_local_setup_util_sh.py'
[45.333s] INFO:colcon.colcon_core.shell:Creating prefix chain script '/home/mbros/moving_box/moving_box_hardware/install/setup.sh'
[45.393s] INFO:colcon.colcon_core.shell:Creating prefix script '/home/mbros/moving_box/moving_box_hardware/install/local_setup.bash'
[45.395s] INFO:colcon.colcon_core.shell:Creating prefix chain script '/home/mbros/moving_box/moving_box_hardware/install/setup.bash'
[45.454s] INFO:colcon.colcon_core.shell:Creating prefix script '/home/mbros/moving_box/moving_box_hardware/install/local_setup.zsh'
[45.457s] INFO:colcon.colcon_core.shell:Creating prefix chain script '/home/mbros/moving_box/moving_box_hardware/install/setup.zsh'
